2026-04-26 21:51:45,723 - aqt.helper - DEBUG - helper 125319494439040 Attempt to download checksum at https://download.qt.io/online/qtsdkrepository/linux_x64/desktop/qt6_6100/qt6_6100/Updates.xml.sha256
2026-04-26 21:51:46,493 - aqt.helper - DEBUG - helper 125319494439040 Attempt to download checksum at https://download.qt.io/online/qtsdkrepository/linux_x64/extensions/qtpdf/6100/x86_64/Updates.xml.sha256
2026-04-26 21:51:47,318 - aqt.helper - DEBUG - helper 125319494439040 Attempt to download checksum at https://download.qt.io/online/qtsdkrepository/linux_x64/extensions/qtwebengine/6100/x86_64/Updates.xml.sha256
2026-04-26 21:51:53,965 - aqt.main - INFO - installer 137179168149632 aqtinstall(aqt) v3.3.0 on Python 3.12.3 [CPython GCC 13.3.0]
2026-04-26 21:51:53,965 - aqt.helper - DEBUG - helper 137179168149632 Attempt to download checksum at https://download.qt.io/online/qtsdkrepository/linux_x64/desktop/qt6_6100/qt6_6100/Updates.xml.sha256
2026-04-26 21:51:54,797 - aqt.helper - DEBUG - helper 137179168149632 Attempt to download checksum at https://download.qt.io/online/qtsdkrepository/linux_x64/extensions/qtwebengine/6100/x86_64/Updates.xml.sha256
2026-04-26 21:51:55,554 - aqt.archives - INFO - archives 137179168149632 Found extension qtwebengine
2026-04-26 21:51:55,555 - aqt.helper - DEBUG - helper 137179168149632 Attempt to download checksum at https://download.qt.io/online/qtsdkrepository/linux_x64/extensions/qtpdf/6100/x86_64/Updates.xml.sha256
2026-04-26 21:51:56,289 - aqt.archives - INFO - archives 137179168149632 Found extension qtpdf
2026-04-26 21:51:56,465 - aqt.helper - DEBUG - helper 127385217990784 Attempt to download checksum at https://download.qt.io/online/qtsdkrepository/linux_x64/desktop/qt6_6100/qt6_6100/qt.qt6.6100.addons.qtwebsockets.linux_gcc_64/6.10.0-0-202510021201qtwebsockets-Linux-RHEL_9_4-GCC-Linux-RHEL_9_4-X86_64.7z.sha256
2026-04-26 21:51:56,465 - aqt.helper - DEBUG - helper 128628937896064 Attempt to download checksum at https://download.qt.io/online/qtsdkrepository/linux_x64/desktop/qt6_6100/qt6_6100/qt.qt6.6100.linux_gcc_64/6.10.0-0-202510021201qtbase-Linux-RHEL_9_4-GCC-Linux-RHEL_9_4-X86_64.7z.sha256
2026-04-26 21:51:56,466 - aqt.helper - DEBUG - helper 131957076291712 Attempt to download checksum at https://download.qt.io/online/qtsdkrepository/linux_x64/desktop/qt6_6100/qt6_6100/qt.qt6.6100.linux_gcc_64/6.10.0-0-202510021201qtsvg-Linux-RHEL_9_4-GCC-Linux-RHEL_9_4-X86_64.7z.sha256
2026-04-26 21:51:56,466 - aqt.helper - DEBUG - helper 129776495333504 Attempt to download checksum at https://download.qt.io/online/qtsdkrepository/linux_x64/desktop/qt6_6100/qt6_6100/qt.qt6.6100.linux_gcc_64/6.10.0-0-202510021201qtdeclarative-Linux-RHEL_9_4-GCC-Linux-RHEL_9_4-X86_64.7z.sha256
2026-04-26 21:51:56,845 - aqt.helper - INFO - helper 128628937896064 Downloading qtbase...
2026-04-26 21:51:56,850 - aqt.helper - INFO - helper 131957076291712 Downloading qtsvg...
2026-04-26 21:51:56,846 - aqt.installer - DEBUG - installer 128628937896064 Download URL: https://download.qt.io/online/qtsdkrepository/linux_x64/desktop/qt6_6100/qt6_6100/qt.qt6.6100.linux_gcc_64/6.10.0-0-202510021201qtbase-Linux-RHEL_9_4-GCC-Linux-RHEL_9_4-X86_64.7z
2026-04-26 21:51:56,851 - aqt.installer - DEBUG - installer 131957076291712 Download URL: https://download.qt.io/online/qtsdkrepository/linux_x64/desktop/qt6_6100/qt6_6100/qt.qt6.6100.linux_gcc_64/6.10.0-0-202510021201qtsvg-Linux-RHEL_9_4-GCC-Linux-RHEL_9_4-X86_64.7z
2026-04-26 21:51:56,859 - aqt.helper - INFO - helper 127385217990784 Downloading qtwebsockets...
2026-04-26 21:51:56,862 - aqt.helper - INFO - helper 129776495333504 Downloading qtdeclarative...
2026-04-26 21:51:56,860 - aqt.installer - DEBUG - installer 127385217990784 Download URL: https://download.qt.io/online/qtsdkrepository/linux_x64/desktop/qt6_6100/qt6_6100/qt.qt6.6100.addons.qtwebsockets.linux_gcc_64/6.10.0-0-202510021201qtwebsockets-Linux-RHEL_9_4-GCC-Linux-RHEL_9_4-X86_64.7z
2026-04-26 21:51:56,863 - aqt.installer - DEBUG - installer 129776495333504 Download URL: https://download.qt.io/online/qtsdkrepository/linux_x64/desktop/qt6_6100/qt6_6100/qt.qt6.6100.linux_gcc_64/6.10.0-0-202510021201qtdeclarative-Linux-RHEL_9_4-GCC-Linux-RHEL_9_4-X86_64.7z
2026-04-26 21:51:57,231 - aqt.helper - DEBUG - helper 128628937896064 Asked to redirect(302) to: https://www.nic.funet.fi/pub/mirrors/download.qt-project.org/online/qtsdkrepository/linux_x64/desktop/qt6_6100/qt6_6100/qt.qt6.6100.linux_gcc_64/6.10.0-0-202510021201qtbase-Linux-RHEL_9_4-GCC-Linux-RHEL_9_4-X86_64.7z
2026-04-26 21:51:57,231 - aqt.helper - INFO - helper 128628937896064 Redirected: www.nic.funet.fi
2026-04-26 21:51:57,236 - aqt.helper - DEBUG - helper 127385217990784 Asked to redirect(302) to: https://www.nic.funet.fi/pub/mirrors/download.qt-project.org/online/qtsdkrepository/linux_x64/desktop/qt6_6100/qt6_6100/qt.qt6.6100.addons.qtwebsockets.linux_gcc_64/6.10.0-0-202510021201qtwebsockets-Linux-RHEL_9_4-GCC-Linux-RHEL_9_4-X86_64.7z
2026-04-26 21:51:57,236 - aqt.helper - INFO - helper 127385217990784 Redirected: www.nic.funet.fi
2026-04-26 21:51:57,247 - aqt.helper - DEBUG - helper 129776495333504 Asked to redirect(302) to: https://www.nic.funet.fi/pub/mirrors/download.qt-project.org/online/qtsdkrepository/linux_x64/desktop/qt6_6100/qt6_6100/qt.qt6.6100.linux_gcc_64/6.10.0-0-202510021201qtdeclarative-Linux-RHEL_9_4-GCC-Linux-RHEL_9_4-X86_64.7z
2026-04-26 21:51:57,248 - aqt.helper - INFO - helper 129776495333504 Redirected: www.nic.funet.fi
2026-04-26 21:51:57,248 - aqt.helper - DEBUG - helper 131957076291712 Asked to redirect(302) to: https://www.nic.funet.fi/pub/mirrors/download.qt-project.org/online/qtsdkrepository/linux_x64/desktop/qt6_6100/qt6_6100/qt.qt6.6100.linux_gcc_64/6.10.0-0-202510021201qtsvg-Linux-RHEL_9_4-GCC-Linux-RHEL_9_4-X86_64.7z
2026-04-26 21:51:57,248 - aqt.helper - INFO - helper 131957076291712 Redirected: www.nic.funet.fi
2026-04-26 21:51:57,662 - aqt.installer - INFO - installer 127385217990784 Finished installation of qtwebsockets-Linux-RHEL_9_4-GCC-Linux-RHEL_9_4-X86_64.7z in 1.19760941
2026-04-26 21:51:57,668 - aqt.helper - DEBUG - helper 127385217990784 Attempt to download checksum at https://download.qt.io/online/qtsdkrepository/linux_x64/desktop/qt6_6100/qt6_6100/qt.qt6.6100.linux_gcc_64/6.10.0-0-202510021201qttools-Linux-RHEL_9_4-GCC-Linux-RHEL_9_4-X86_64.7z.sha256
2026-04-26 21:51:57,734 - aqt.installer - INFO - installer 131957076291712 Finished installation of qtsvg-Linux-RHEL_9_4-GCC-Linux-RHEL_9_4-X86_64.7z in 1.26898277
2026-04-26 21:51:57,741 - aqt.helper - DEBUG - helper 131957076291712 Attempt to download checksum at https://download.qt.io/online/qtsdkrepository/linux_x64/desktop/qt6_6100/qt6_6100/qt.qt6.6100.linux_gcc_64/6.10.0-0-202510021201qttranslations-Linux-RHEL_9_4-GCC-Linux-RHEL_9_4-X86_64.7z.sha256
2026-04-26 21:51:57,990 - aqt.helper - INFO - helper 127385217990784 Downloading qttools...
2026-04-26 21:51:57,991 - aqt.installer - DEBUG - installer 127385217990784 Download URL: https://download.qt.io/online/qtsdkrepository/linux_x64/desktop/qt6_6100/qt6_6100/qt.qt6.6100.linux_gcc_64/6.10.0-0-202510021201qttools-Linux-RHEL_9_4-GCC-Linux-RHEL_9_4-X86_64.7z
2026-04-26 21:51:58,073 - aqt.helper - INFO - helper 131957076291712 Downloading qttranslations...
2026-04-26 21:51:58,074 - aqt.installer - DEBUG - installer 131957076291712 Download URL: https://download.qt.io/online/qtsdkrepository/linux_x64/desktop/qt6_6100/qt6_6100/qt.qt6.6100.linux_gcc_64/6.10.0-0-202510021201qttranslations-Linux-RHEL_9_4-GCC-Linux-RHEL_9_4-X86_64.7z
2026-04-26 21:51:58,330 - aqt.helper - DEBUG - helper 127385217990784 Asked to redirect(302) to: https://www.nic.funet.fi/pub/mirrors/download.qt-project.org/online/qtsdkrepository/linux_x64/desktop/qt6_6100/qt6_6100/qt.qt6.6100.linux_gcc_64/6.10.0-0-202510021201qttools-Linux-RHEL_9_4-GCC-Linux-RHEL_9_4-X86_64.7z
2026-04-26 21:51:58,330 - aqt.helper - INFO - helper 127385217990784 Redirected: www.nic.funet.fi
2026-04-26 21:51:58,422 - aqt.helper - DEBUG - helper 131957076291712 Asked to redirect(302) to: https://www.nic.funet.fi/pub/mirrors/download.qt-project.org/online/qtsdkrepository/linux_x64/desktop/qt6_6100/qt6_6100/qt.qt6.6100.linux_gcc_64/6.10.0-0-202510021201qttranslations-Linux-RHEL_9_4-GCC-Linux-RHEL_9_4-X86_64.7z
2026-04-26 21:51:58,422 - aqt.helper - INFO - helper 131957076291712 Redirected: www.nic.funet.fi
2026-04-26 21:51:59,290 - aqt.installer - INFO - installer 131957076291712 Finished installation of qttranslations-Linux-RHEL_9_4-GCC-Linux-RHEL_9_4-X86_64.7z in 1.55038788
2026-04-26 21:51:59,297 - aqt.helper - DEBUG - helper 131957076291712 Attempt to download checksum at https://download.qt.io/online/qtsdkrepository/linux_x64/desktop/qt6_6100/qt6_6100/qt.qt6.6100.linux_gcc_64/6.10.0-0-202510021201qtwayland-Linux-RHEL_9_4-GCC-Linux-RHEL_9_4-X86_64.7z.sha256
2026-04-26 21:51:59,626 - aqt.helper - INFO - helper 131957076291712 Downloading qtwayland...
2026-04-26 21:51:59,627 - aqt.installer - DEBUG - installer 131957076291712 Download URL: https://download.qt.io/online/qtsdkrepository/linux_x64/desktop/qt6_6100/qt6_6100/qt.qt6.6100.linux_gcc_64/6.10.0-0-202510021201qtwayland-Linux-RHEL_9_4-GCC-Linux-RHEL_9_4-X86_64.7z
2026-04-26 21:52:00,028 - aqt.helper - DEBUG - helper 131957076291712 Asked to redirect(302) to: https://www.nic.funet.fi/pub/mirrors/download.qt-project.org/online/qtsdkrepository/linux_x64/desktop/qt6_6100/qt6_6100/qt.qt6.6100.linux_gcc_64/6.10.0-0-202510021201qtwayland-Linux-RHEL_9_4-GCC-Linux-RHEL_9_4-X86_64.7z
2026-04-26 21:52:00,029 - aqt.helper - INFO - helper 131957076291712 Redirected: www.nic.funet.fi
2026-04-26 21:52:00,364 - aqt.installer - INFO - installer 131957076291712 Finished installation of qtwayland-Linux-RHEL_9_4-GCC-Linux-RHEL_9_4-X86_64.7z in 1.06811801
2026-04-26 21:52:00,370 - aqt.helper - DEBUG - helper 131957076291712 Attempt to download checksum at https://download.qt.io/online/qtsdkrepository/linux_x64/desktop/qt6_6100/qt6_6100/qt.qt6.6100.linux_gcc_64/6.10.0-0-202510021201icu-linux-Rhel8.6-x86_64.7z.sha256
2026-04-26 21:52:00,700 - aqt.helper - INFO - helper 131957076291712 Downloading icu...
2026-04-26 21:52:00,701 - aqt.installer - DEBUG - installer 131957076291712 Download URL: https://download.qt.io/online/qtsdkrepository/linux_x64/desktop/qt6_6100/qt6_6100/qt.qt6.6100.linux_gcc_64/6.10.0-0-202510021201icu-linux-Rhel8.6-x86_64.7z
2026-04-26 21:52:01,023 - aqt.helper - DEBUG - helper 131957076291712 Asked to redirect(302) to: https://www.nic.funet.fi/pub/mirrors/download.qt-project.org/online/qtsdkrepository/linux_x64/desktop/qt6_6100/qt6_6100/qt.qt6.6100.linux_gcc_64/6.10.0-0-202510021201icu-linux-Rhel8.6-x86_64.7z
2026-04-26 21:52:01,023 - aqt.helper - INFO - helper 131957076291712 Redirected: www.nic.funet.fi
2026-04-26 21:52:01,359 - aqt.installer - INFO - installer 127385217990784 Finished installation of qttools-Linux-RHEL_9_4-GCC-Linux-RHEL_9_4-X86_64.7z in 3.69216016
2026-04-26 21:52:01,878 - aqt.installer - INFO - installer 128628937896064 Finished installation of qtbase-Linux-RHEL_9_4-GCC-Linux-RHEL_9_4-X86_64.7z in 5.41369219
2026-04-26 21:52:02,254 - aqt.installer - INFO - installer 131957076291712 Finished installation of icu-linux-Rhel8.6-x86_64.7z in 1.88439081
2026-04-26 21:52:14,351 - aqt.installer - INFO - installer 129776495333504 Finished installation of qtdeclarative-Linux-RHEL_9_4-GCC-Linux-RHEL_9_4-X86_64.7z in 17.88611008
2026-04-26 21:52:14,389 - aqt.updater - INFO - updater 137179168149632 Patching /home/paa04/Qt/6.10.0/gcc_64/bin/qmake
2026-04-26 21:52:14,392 - aqt.updater - INFO - updater 137179168149632 Patching /home/paa04/Qt/6.10.0/gcc_64/lib/pkgconfig/Qt6QuickControls2Impl.pc
2026-04-26 21:52:14,392 - aqt.updater - INFO - updater 137179168149632 Patching /home/paa04/Qt/6.10.0/gcc_64/lib/pkgconfig/Qt6OpenGL.pc
2026-04-26 21:52:14,392 - aqt.updater - INFO - updater 137179168149632 Patching /home/paa04/Qt/6.10.0/gcc_64/lib/pkgconfig/Qt6Quick.pc
2026-04-26 21:52:14,392 - aqt.updater - INFO - updater 137179168149632 Patching /home/paa04/Qt/6.10.0/gcc_64/lib/pkgconfig/Qt6Concurrent.pc
2026-04-26 21:52:14,392 - aqt.updater - INFO - updater 137179168149632 Patching /home/paa04/Qt/6.10.0/gcc_64/lib/pkgconfig/Qt6QuickControls2Fusion.pc
2026-04-26 21:52:14,392 - aqt.updater - INFO - updater 137179168149632 Patching /home/paa04/Qt/6.10.0/gcc_64/lib/pkgconfig/Qt6QuickEffects.pc
2026-04-26 21:52:14,392 - aqt.updater - INFO - updater 137179168149632 Patching /home/paa04/Qt/6.10.0/gcc_64/lib/pkgconfig/Qt6QuickDialogs2Utils.pc
2026-04-26 21:52:14,392 - aqt.updater - INFO - updater 137179168149632 Patching /home/paa04/Qt/6.10.0/gcc_64/lib/pkgconfig/Qt6QmlMeta.pc
2026-04-26 21:52:14,392 - aqt.updater - INFO - updater 137179168149632 Patching /home/paa04/Qt/6.10.0/gcc_64/lib/pkgconfig/Qt6QmlCompiler.pc
2026-04-26 21:52:14,392 - aqt.updater - INFO - updater 137179168149632 Patching /home/paa04/Qt/6.10.0/gcc_64/lib/pkgconfig/Qt6DBus.pc
2026-04-26 21:52:14,392 - aqt.updater - INFO - updater 137179168149632 Patching /home/paa04/Qt/6.10.0/gcc_64/lib/pkgconfig/Qt6Core.pc
2026-04-26 21:52:14,392 - aqt.updater - INFO - updater 137179168149632 Patching /home/paa04/Qt/6.10.0/gcc_64/lib/pkgconfig/Qt6QuickControls2.pc
2026-04-26 21:52:14,392 - aqt.updater - INFO - updater 137179168149632 Patching /home/paa04/Qt/6.10.0/gcc_64/lib/pkgconfig/Qt6QuickVectorImageHelpers.pc
2026-04-26 21:52:14,392 - aqt.updater - INFO - updater 137179168149632 Patching /home/paa04/Qt/6.10.0/gcc_64/lib/pkgconfig/Qt6LabsWavefrontMesh.pc
2026-04-26 21:52:14,392 - aqt.updater - INFO - updater 137179168149632 Patching /home/paa04/Qt/6.10.0/gcc_64/lib/pkgconfig/Qt6Svg.pc
2026-04-26 21:52:14,392 - aqt.updater - INFO - updater 137179168149632 Patching /home/paa04/Qt/6.10.0/gcc_64/lib/pkgconfig/Qt6WebSockets.pc
2026-04-26 21:52:14,392 - aqt.updater - INFO - updater 137179168149632 Patching /home/paa04/Qt/6.10.0/gcc_64/lib/pkgconfig/Qt6Qml.pc
2026-04-26 21:52:14,392 - aqt.updater - INFO - updater 137179168149632 Patching /home/paa04/Qt/6.10.0/gcc_64/lib/pkgconfig/Qt6QuickControls2UniversalStyleImpl.pc
2026-04-26 21:52:14,393 - aqt.updater - INFO - updater 137179168149632 Patching /home/paa04/Qt/6.10.0/gcc_64/lib/pkgconfig/Qt6QuickControls2MaterialStyleImpl.pc
2026-04-26 21:52:14,393 - aqt.updater - INFO - updater 137179168149632 Patching /home/paa04/Qt/6.10.0/gcc_64/lib/pkgconfig/Qt6UiTools.pc
2026-04-26 21:52:14,393 - aqt.updater - INFO - updater 137179168149632 Patching /home/paa04/Qt/6.10.0/gcc_64/lib/pkgconfig/Qt6QuickDialogs2.pc
2026-04-26 21:52:14,393 - aqt.updater - INFO - updater 137179168149632 Patching /home/paa04/Qt/6.10.0/gcc_64/lib/pkgconfig/Qt6OpenGLWidgets.pc
2026-04-26 21:52:14,393 - aqt.updater - INFO - updater 137179168149632 Patching /home/paa04/Qt/6.10.0/gcc_64/lib/pkgconfig/Qt6Linguist.pc
2026-04-26 21:52:14,393 - aqt.updater - INFO - updater 137179168149632 Patching /home/paa04/Qt/6.10.0/gcc_64/lib/pkgconfig/Qt6Sql.pc
2026-04-26 21:52:14,393 - aqt.updater - INFO - updater 137179168149632 Patching /home/paa04/Qt/6.10.0/gcc_64/lib/pkgconfig/Qt6Xml.pc
2026-04-26 21:52:14,393 - aqt.updater - INFO - updater 137179168149632 Patching /home/paa04/Qt/6.10.0/gcc_64/lib/pkgconfig/Qt6QmlNetwork.pc
2026-04-26 21:52:14,393 - aqt.updater - INFO - updater 137179168149632 Patching /home/paa04/Qt/6.10.0/gcc_64/lib/pkgconfig/Qt6QmlXmlListModel.pc
2026-04-26 21:52:14,393 - aqt.updater - INFO - updater 137179168149632 Patching /home/paa04/Qt/6.10.0/gcc_64/lib/pkgconfig/Qt6QuickDialogs2QuickImpl.pc
2026-04-26 21:52:14,393 - aqt.updater - INFO - updater 137179168149632 Patching /home/paa04/Qt/6.10.0/gcc_64/lib/pkgconfig/Qt6QuickControls2ImagineStyleImpl.pc
2026-04-26 21:52:14,393 - aqt.updater - INFO - updater 137179168149632 Patching /home/paa04/Qt/6.10.0/gcc_64/lib/pkgconfig/Qt6QuickControls2Basic.pc
2026-04-26 21:52:14,393 - aqt.updater - INFO - updater 137179168149632 Patching /home/paa04/Qt/6.10.0/gcc_64/lib/pkgconfig/Qt6UiPlugin.pc
2026-04-26 21:52:14,393 - aqt.updater - INFO - updater 137179168149632 Patching /home/paa04/Qt/6.10.0/gcc_64/lib/pkgconfig/Qt6SvgWidgets.pc
2026-04-26 21:52:14,393 - aqt.updater - INFO - updater 137179168149632 Patching /home/paa04/Qt/6.10.0/gcc_64/lib/pkgconfig/Qt6Test.pc
2026-04-26 21:52:14,393 - aqt.updater - INFO - updater 137179168149632 Patching /home/paa04/Qt/6.10.0/gcc_64/lib/pkgconfig/Qt6QmlAssetDownloader.pc
2026-04-26 21:52:14,393 - aqt.updater - INFO - updater 137179168149632 Patching /home/paa04/Qt/6.10.0/gcc_64/lib/pkgconfig/Qt6QuickTest.pc
2026-04-26 21:52:14,393 - aqt.updater - INFO - updater 137179168149632 Patching /home/paa04/Qt/6.10.0/gcc_64/lib/pkgconfig/Qt6LabsSettings.pc
2026-04-26 21:52:14,393 - aqt.updater - INFO - updater 137179168149632 Patching /home/paa04/Qt/6.10.0/gcc_64/lib/pkgconfig/Qt6Designer.pc
2026-04-26 21:52:14,393 - aqt.updater - INFO - updater 137179168149632 Patching /home/paa04/Qt/6.10.0/gcc_64/lib/pkgconfig/Qt6LabsPlatform.pc
2026-04-26 21:52:14,393 - aqt.updater - INFO - updater 137179168149632 Patching /home/paa04/Qt/6.10.0/gcc_64/lib/pkgconfig/Qt6QmlWorkerScript.pc
2026-04-26 21:52:14,393 - aqt.updater - INFO - updater 137179168149632 Patching /home/paa04/Qt/6.10.0/gcc_64/lib/pkgconfig/Qt6WaylandClient.pc
2026-04-26 21:52:14,394 - aqt.updater - INFO - updater 137179168149632 Patching /home/paa04/Qt/6.10.0/gcc_64/lib/pkgconfig/Qt6Platform.pc
2026-04-26 21:52:14,394 - aqt.updater - INFO - updater 137179168149632 Patching /home/paa04/Qt/6.10.0/gcc_64/lib/pkgconfig/Qt6QuickControls2Universal.pc
2026-04-26 21:52:14,394 - aqt.updater - INFO - updater 137179168149632 Patching /home/paa04/Qt/6.10.0/gcc_64/lib/pkgconfig/Qt6Help.pc
2026-04-26 21:52:14,394 - aqt.updater - INFO - updater 137179168149632 Patching /home/paa04/Qt/6.10.0/gcc_64/lib/pkgconfig/Qt6LabsSharedImage.pc
2026-04-26 21:52:14,394 - aqt.updater - INFO - updater 137179168149632 Patching /home/paa04/Qt/6.10.0/gcc_64/lib/pkgconfig/Qt6QuickWidgets.pc
2026-04-26 21:52:14,394 - aqt.updater - INFO - updater 137179168149632 Patching /home/paa04/Qt/6.10.0/gcc_64/lib/pkgconfig/Qt6QuickControls2Imagine.pc
2026-04-26 21:52:14,394 - aqt.updater - INFO - updater 137179168149632 Patching /home/paa04/Qt/6.10.0/gcc_64/lib/pkgconfig/Qt6QuickControls2BasicStyleImpl.pc
2026-04-26 21:52:14,394 - aqt.updater - INFO - updater 137179168149632 Patching /home/paa04/Qt/6.10.0/gcc_64/lib/pkgconfig/Qt6QuickControls2FusionStyleImpl.pc
2026-04-26 21:52:14,394 - aqt.updater - INFO - updater 137179168149632 Patching /home/paa04/Qt/6.10.0/gcc_64/lib/pkgconfig/Qt6Gui.pc
2026-04-26 21:52:14,394 - aqt.updater - INFO - updater 137179168149632 Patching /home/paa04/Qt/6.10.0/gcc_64/lib/pkgconfig/Qt6QmlLocalStorage.pc
2026-04-26 21:52:14,394 - aqt.updater - INFO - updater 137179168149632 Patching /home/paa04/Qt/6.10.0/gcc_64/lib/pkgconfig/Qt6QuickControls2Material.pc
2026-04-26 21:52:14,394 - aqt.updater - INFO - updater 137179168149632 Patching /home/paa04/Qt/6.10.0/gcc_64/lib/pkgconfig/Qt6LabsSynchronizer.pc
2026-04-26 21:52:14,394 - aqt.updater - INFO - updater 137179168149632 Patching /home/paa04/Qt/6.10.0/gcc_64/lib/pkgconfig/Qt6PrintSupport.pc
2026-04-26 21:52:14,394 - aqt.updater - INFO - updater 137179168149632 Patching /home/paa04/Qt/6.10.0/gcc_64/lib/pkgconfig/Qt6LabsAnimation.pc
2026-04-26 21:52:14,394 - aqt.updater - INFO - updater 137179168149632 Patching /home/paa04/Qt/6.10.0/gcc_64/lib/pkgconfig/Qt6Widgets.pc
2026-04-26 21:52:14,394 - aqt.updater - INFO - updater 137179168149632 Patching /home/paa04/Qt/6.10.0/gcc_64/lib/pkgconfig/Qt6QuickControls2FluentWinUI3StyleImpl.pc
2026-04-26 21:52:14,394 - aqt.updater - INFO - updater 137179168149632 Patching /home/paa04/Qt/6.10.0/gcc_64/lib/pkgconfig/Qt6QmlModels.pc
2026-04-26 21:52:14,394 - aqt.updater - INFO - updater 137179168149632 Patching /home/paa04/Qt/6.10.0/gcc_64/lib/pkgconfig/Qt6LabsFolderListModel.pc
2026-04-26 21:52:14,394 - aqt.updater - INFO - updater 137179168149632 Patching /home/paa04/Qt/6.10.0/gcc_64/lib/pkgconfig/Qt6QmlCore.pc
2026-04-26 21:52:14,394 - aqt.updater - INFO - updater 137179168149632 Patching /home/paa04/Qt/6.10.0/gcc_64/lib/pkgconfig/Qt6QuickTemplates2.pc
2026-04-26 21:52:14,394 - aqt.updater - INFO - updater 137179168149632 Patching /home/paa04/Qt/6.10.0/gcc_64/lib/pkgconfig/Qt6QuickLayouts.pc
2026-04-26 21:52:14,395 - aqt.updater - INFO - updater 137179168149632 Patching /home/paa04/Qt/6.10.0/gcc_64/lib/pkgconfig/Qt6QuickVectorImage.pc
2026-04-26 21:52:14,395 - aqt.updater - INFO - updater 137179168149632 Patching /home/paa04/Qt/6.10.0/gcc_64/lib/pkgconfig/Qt6LabsQmlModels.pc
2026-04-26 21:52:14,395 - aqt.updater - INFO - updater 137179168149632 Patching /home/paa04/Qt/6.10.0/gcc_64/lib/pkgconfig/Qt6QmlIntegration.pc
2026-04-26 21:52:14,395 - aqt.updater - INFO - updater 137179168149632 Patching /home/paa04/Qt/6.10.0/gcc_64/lib/pkgconfig/Qt6Network.pc
2026-04-26 21:52:14,395 - aqt.updater - INFO - updater 137179168149632 Patching /home/paa04/Qt/6.10.0/gcc_64/lib/libQt6EglFsKmsSupport.prl
2026-04-26 21:52:14,395 - aqt.updater - INFO - updater 137179168149632 Patching /home/paa04/Qt/6.10.0/gcc_64/lib/libQt6WaylandClient.prl
2026-04-26 21:52:14,395 - aqt.updater - INFO - updater 137179168149632 Patching /home/paa04/Qt/6.10.0/gcc_64/lib/libQt6LabsSharedImage.prl
2026-04-26 21:52:14,395 - aqt.updater - INFO - updater 137179168149632 Patching /home/paa04/Qt/6.10.0/gcc_64/lib/libQt6QuickTestUtils.prl
2026-04-26 21:52:14,395 - aqt.updater - INFO - updater 137179168149632 Patching /home/paa04/Qt/6.10.0/gcc_64/lib/libQt6QuickControls2Imagine.prl
2026-04-26 21:52:14,395 - aqt.updater - INFO - updater 137179168149632 Patching /home/paa04/Qt/6.10.0/gcc_64/lib/libQt6QuickControls2UniversalStyleImpl.prl
2026-04-26 21:52:14,395 - aqt.updater - INFO - updater 137179168149632 Patching /home/paa04/Qt/6.10.0/gcc_64/lib/libQt6LabsPlatform.prl
2026-04-26 21:52:14,395 - aqt.updater - INFO - updater 137179168149632 Patching /home/paa04/Qt/6.10.0/gcc_64/lib/libQt6QuickLayouts.prl
2026-04-26 21:52:14,395 - aqt.updater - INFO - updater 137179168149632 Patching /home/paa04/Qt/6.10.0/gcc_64/lib/libQt6EglFSDeviceIntegration.prl
2026-04-26 21:52:14,395 - aqt.updater - INFO - updater 137179168149632 Patching /home/paa04/Qt/6.10.0/gcc_64/lib/libQt6QuickVectorImage.prl
2026-04-26 21:52:14,395 - aqt.updater - INFO - updater 137179168149632 Patching /home/paa04/Qt/6.10.0/gcc_64/lib/libQt6DBus.prl
2026-04-26 21:52:14,396 - aqt.updater - INFO - updater 137179168149632 Patching /home/paa04/Qt/6.10.0/gcc_64/lib/libQt6QuickControls2BasicStyleImpl.prl
2026-04-26 21:52:14,396 - aqt.updater - INFO - updater 137179168149632 Patching /home/paa04/Qt/6.10.0/gcc_64/lib/libQt6QuickDialogs2QuickImpl.prl
2026-04-26 21:52:14,396 - aqt.updater - INFO - updater 137179168149632 Patching /home/paa04/Qt/6.10.0/gcc_64/lib/libQt6QuickControls2FluentWinUI3StyleImpl.prl
2026-04-26 21:52:14,396 - aqt.updater - INFO - updater 137179168149632 Patching /home/paa04/Qt/6.10.0/gcc_64/lib/libQt6UiTools.prl
2026-04-26 21:52:14,396 - aqt.updater - INFO - updater 137179168149632 Patching /home/paa04/Qt/6.10.0/gcc_64/lib/libQt6XcbQpa.prl
2026-04-26 21:52:14,396 - aqt.updater - INFO - updater 137179168149632 Patching /home/paa04/Qt/6.10.0/gcc_64/lib/libQt6QmlDom.prl
2026-04-26 21:52:14,396 - aqt.updater - INFO - updater 137179168149632 Patching /home/paa04/Qt/6.10.0/gcc_64/lib/libQt6QuickControls2FusionStyleImpl.prl
2026-04-26 21:52:14,396 - aqt.updater - INFO - updater 137179168149632 Patching /home/paa04/Qt/6.10.0/gcc_64/lib/libQt6LabsSynchronizer.prl
2026-04-26 21:52:14,396 - aqt.updater - INFO - updater 137179168149632 Patching /home/paa04/Qt/6.10.0/gcc_64/lib/libQt6QmlLocalStorage.prl
2026-04-26 21:52:14,396 - aqt.updater - INFO - updater 137179168149632 Patching /home/paa04/Qt/6.10.0/gcc_64/lib/libQt6Help.prl
2026-04-26 21:52:14,396 - aqt.updater - INFO - updater 137179168149632 Patching /home/paa04/Qt/6.10.0/gcc_64/lib/libQt6QuickWidgets.prl
2026-04-26 21:52:14,396 - aqt.updater - INFO - updater 137179168149632 Patching /home/paa04/Qt/6.10.0/gcc_64/lib/libQt6Test.prl
2026-04-26 21:52:14,396 - aqt.updater - INFO - updater 137179168149632 Patching /home/paa04/Qt/6.10.0/gcc_64/lib/libQt6QmlToolingSettings.prl
2026-04-26 21:52:14,396 - aqt.updater - INFO - updater 137179168149632 Patching /home/paa04/Qt/6.10.0/gcc_64/lib/libQt6Qml.prl
2026-04-26 21:52:14,396 - aqt.updater - INFO - updater 137179168149632 Patching /home/paa04/Qt/6.10.0/gcc_64/lib/libQt6QmlFormat.prl
2026-04-26 21:52:14,396 - aqt.updater - INFO - updater 137179168149632 Patching /home/paa04/Qt/6.10.0/gcc_64/lib/libQt6QmlCore.prl
2026-04-26 21:52:14,396 - aqt.updater - INFO - updater 137179168149632 Patching /home/paa04/Qt/6.10.0/gcc_64/lib/libQt6PrintSupport.prl
2026-04-26 21:52:14,396 - aqt.updater - INFO - updater 137179168149632 Patching /home/paa04/Qt/6.10.0/gcc_64/lib/libQt6SvgWidgets.prl
2026-04-26 21:52:14,396 - aqt.updater - INFO - updater 137179168149632 Patching /home/paa04/Qt/6.10.0/gcc_64/lib/libQt6DesignerComponents.prl
2026-04-26 21:52:14,396 - aqt.updater - INFO - updater 137179168149632 Patching /home/paa04/Qt/6.10.0/gcc_64/lib/libQt6PacketProtocol.prl
2026-04-26 21:52:14,396 - aqt.updater - INFO - updater 137179168149632 Patching /home/paa04/Qt/6.10.0/gcc_64/lib/libQt6Sql.prl
2026-04-26 21:52:14,396 - aqt.updater - INFO - updater 137179168149632 Patching /home/paa04/Qt/6.10.0/gcc_64/lib/libQt6FbSupport.prl
2026-04-26 21:52:14,396 - aqt.updater - INFO - updater 137179168149632 Patching /home/paa04/Qt/6.10.0/gcc_64/lib/libQt6QuickControls2Basic.prl
2026-04-26 21:52:14,396 - aqt.updater - INFO - updater 137179168149632 Patching /home/paa04/Qt/6.10.0/gcc_64/lib/libQt6LabsSettings.prl
2026-04-26 21:52:14,396 - aqt.updater - INFO - updater 137179168149632 Patching /home/paa04/Qt/6.10.0/gcc_64/lib/libQt6QuickControls2Universal.prl
2026-04-26 21:52:14,396 - aqt.updater - INFO - updater 137179168149632 Patching /home/paa04/Qt/6.10.0/gcc_64/lib/libQt6QuickTemplates2.prl
2026-04-26 21:52:14,396 - aqt.updater - INFO - updater 137179168149632 Patching /home/paa04/Qt/6.10.0/gcc_64/lib/libQt6WlShellIntegration.prl
2026-04-26 21:52:14,397 - aqt.updater - INFO - updater 137179168149632 Patching /home/paa04/Qt/6.10.0/gcc_64/lib/libQt6QuickEffects.prl
2026-04-26 21:52:14,397 - aqt.updater - INFO - updater 137179168149632 Patching /home/paa04/Qt/6.10.0/gcc_64/lib/libQt6Quick.prl
2026-04-26 21:52:14,397 - aqt.updater - INFO - updater 137179168149632 Patching /home/paa04/Qt/6.10.0/gcc_64/lib/libQt6QuickControls2ImagineStyleImpl.prl
2026-04-26 21:52:14,397 - aqt.updater - INFO - updater 137179168149632 Patching /home/paa04/Qt/6.10.0/gcc_64/lib/libQt6ExamplesAssetDownloader.prl
2026-04-26 21:52:14,397 - aqt.updater - INFO - updater 137179168149632 Patching /home/paa04/Qt/6.10.0/gcc_64/lib/libQt6QmlLS.prl
2026-04-26 21:52:14,397 - aqt.updater - INFO - updater 137179168149632 Patching /home/paa04/Qt/6.10.0/gcc_64/lib/libQt6QuickParticles.prl
2026-04-26 21:52:14,397 - aqt.updater - INFO - updater 137179168149632 Patching /home/paa04/Qt/6.10.0/gcc_64/lib/libQt6WebSockets.prl
2026-04-26 21:52:14,397 - aqt.updater - INFO - updater 137179168149632 Patching /home/paa04/Qt/6.10.0/gcc_64/lib/libQt6LabsFolderListModel.prl
2026-04-26 21:52:14,397 - aqt.updater - INFO - updater 137179168149632 Patching /home/paa04/Qt/6.10.0/gcc_64/lib/libQt6OpenGLWidgets.prl
2026-04-26 21:52:14,397 - aqt.updater - INFO - updater 137179168149632 Patching /home/paa04/Qt/6.10.0/gcc_64/lib/libQt6QuickShapesDesignHelpers.prl
2026-04-26 21:52:14,397 - aqt.updater - INFO - updater 137179168149632 Patching /home/paa04/Qt/6.10.0/gcc_64/lib/libQt6QuickControls2Fusion.prl
2026-04-26 21:52:14,397 - aqt.updater - INFO - updater 137179168149632 Patching /home/paa04/Qt/6.10.0/gcc_64/lib/libQt6OpenGL.prl
2026-04-26 21:52:14,397 - aqt.updater - INFO - updater 137179168149632 Patching /home/paa04/Qt/6.10.0/gcc_64/lib/libQt6InputSupport.prl
2026-04-26 21:52:14,397 - aqt.updater - INFO - updater 137179168149632 Patching /home/paa04/Qt/6.10.0/gcc_64/lib/libQt6QuickDialogs2Utils.prl
2026-04-26 21:52:14,397 - aqt.updater - INFO - updater 137179168149632 Patching /home/paa04/Qt/6.10.0/gcc_64/lib/libQt6QmlModels.prl
2026-04-26 21:52:14,397 - aqt.updater - INFO - updater 137179168149632 Patching /home/paa04/Qt/6.10.0/gcc_64/lib/libQt6Svg.prl
2026-04-26 21:52:14,397 - aqt.updater - INFO - updater 137179168149632 Patching /home/paa04/Qt/6.10.0/gcc_64/lib/libQt6LabsQmlModels.prl
2026-04-26 21:52:14,397 - aqt.updater - INFO - updater 137179168149632 Patching /home/paa04/Qt/6.10.0/gcc_64/lib/libQt6Concurrent.prl
2026-04-26 21:52:14,397 - aqt.updater - INFO - updater 137179168149632 Patching /home/paa04/Qt/6.10.0/gcc_64/lib/libQt6QuickControlsTestUtils.prl
2026-04-26 21:52:14,397 - aqt.updater - INFO - updater 137179168149632 Patching /home/paa04/Qt/6.10.0/gcc_64/lib/libQt6QuickControls2Impl.prl
2026-04-26 21:52:14,397 - aqt.updater - INFO - updater 137179168149632 Patching /home/paa04/Qt/6.10.0/gcc_64/lib/libQt6QuickControls2.prl
2026-04-26 21:52:14,397 - aqt.updater - INFO - updater 137179168149632 Patching /home/paa04/Qt/6.10.0/gcc_64/lib/libQt6QuickTest.prl
2026-04-26 21:52:14,397 - aqt.updater - INFO - updater 137179168149632 Patching /home/paa04/Qt/6.10.0/gcc_64/lib/libQt6Core.prl
2026-04-26 21:52:14,397 - aqt.updater - INFO - updater 137179168149632 Patching /home/paa04/Qt/6.10.0/gcc_64/lib/libQt6Xml.prl
2026-04-26 21:52:14,397 - aqt.updater - INFO - updater 137179168149632 Patching /home/paa04/Qt/6.10.0/gcc_64/lib/libQt6QmlMeta.prl
2026-04-26 21:52:14,397 - aqt.updater - INFO - updater 137179168149632 Patching /home/paa04/Qt/6.10.0/gcc_64/lib/libQt6EglFsKmsGbmSupport.prl
2026-04-26 21:52:14,397 - aqt.updater - INFO - updater 137179168149632 Patching /home/paa04/Qt/6.10.0/gcc_64/lib/libQt6Designer.prl
2026-04-26 21:52:14,398 - aqt.updater - INFO - updater 137179168149632 Patching /home/paa04/Qt/6.10.0/gcc_64/lib/libQt6QmlWorkerScript.prl
2026-04-26 21:52:14,398 - aqt.updater - INFO - updater 137179168149632 Patching /home/paa04/Qt/6.10.0/gcc_64/lib/libQt6ExampleIcons.prl
2026-04-26 21:52:14,398 - aqt.updater - INFO - updater 137179168149632 Patching /home/paa04/Qt/6.10.0/gcc_64/lib/libQt6Network.prl
2026-04-26 21:52:14,398 - aqt.updater - INFO - updater 137179168149632 Patching /home/paa04/Qt/6.10.0/gcc_64/lib/libQt6QuickVectorImageGenerator.prl
2026-04-26 21:52:14,398 - aqt.updater - INFO - updater 137179168149632 Patching /home/paa04/Qt/6.10.0/gcc_64/lib/libQt6Gui.prl
2026-04-26 21:52:14,398 - aqt.updater - INFO - updater 137179168149632 Patching /home/paa04/Qt/6.10.0/gcc_64/lib/libQt6QuickControls2Material.prl
2026-04-26 21:52:14,398 - aqt.updater - INFO - updater 137179168149632 Patching /home/paa04/Qt/6.10.0/gcc_64/lib/libQt6QmlDebug.prl
2026-04-26 21:52:14,398 - aqt.updater - INFO - updater 137179168149632 Patching /home/paa04/Qt/6.10.0/gcc_64/lib/libQt6QmlTypeRegistrar.prl
2026-04-26 21:52:14,398 - aqt.updater - INFO - updater 137179168149632 Patching /home/paa04/Qt/6.10.0/gcc_64/lib/libQt6QuickShapes.prl
2026-04-26 21:52:14,398 - aqt.updater - INFO - updater 137179168149632 Patching /home/paa04/Qt/6.10.0/gcc_64/lib/libQt6QmlNetwork.prl
2026-04-26 21:52:14,398 - aqt.updater - INFO - updater 137179168149632 Patching /home/paa04/Qt/6.10.0/gcc_64/lib/libQt6Widgets.prl
2026-04-26 21:52:14,398 - aqt.updater - INFO - updater 137179168149632 Patching /home/paa04/Qt/6.10.0/gcc_64/lib/libQt6QmlCompiler.prl
2026-04-26 21:52:14,398 - aqt.updater - INFO - updater 137179168149632 Patching /home/paa04/Qt/6.10.0/gcc_64/lib/libQt6QuickControls2MaterialStyleImpl.prl
2026-04-26 21:52:14,398 - aqt.updater - INFO - updater 137179168149632 Patching /home/paa04/Qt/6.10.0/gcc_64/lib/libQt6LabsAnimation.prl
2026-04-26 21:52:14,398 - aqt.updater - INFO - updater 137179168149632 Patching /home/paa04/Qt/6.10.0/gcc_64/lib/libQt6QmlXmlListModel.prl
2026-04-26 21:52:14,398 - aqt.updater - INFO - updater 137179168149632 Patching /home/paa04/Qt/6.10.0/gcc_64/lib/libQt6DeviceDiscoverySupport.prl
2026-04-26 21:52:14,398 - aqt.updater - INFO - updater 137179168149632 Patching /home/paa04/Qt/6.10.0/gcc_64/lib/libQt6QmlAssetDownloader.prl
2026-04-26 21:52:14,398 - aqt.updater - INFO - updater 137179168149632 Patching /home/paa04/Qt/6.10.0/gcc_64/lib/libQt6QuickDialogs2.prl
2026-04-26 21:52:14,398 - aqt.updater - INFO - updater 137179168149632 Patching /home/paa04/Qt/6.10.0/gcc_64/lib/libQt6QuickVectorImageHelpers.prl
2026-04-26 21:52:14,398 - aqt.updater - INFO - updater 137179168149632 Patching /home/paa04/Qt/6.10.0/gcc_64/lib/libQt6KmsSupport.prl
2026-04-26 21:52:14,398 - aqt.updater - INFO - updater 137179168149632 Patching /home/paa04/Qt/6.10.0/gcc_64/lib/libQt6LabsWavefrontMesh.prl
2026-04-26 21:52:14,398 - aqt.main - INFO - installer 137179168149632 Finished installation
2026-04-26 21:52:14,398 - aqt.main - INFO - installer 137179168149632 Time elapsed: 20.43350510 second
